0000              1   ;--------------------------------------------------------
0000              2   ; File Created by C51
0000              3   ; Version 1.0.0 #1170 (Feb 16 2022) (MSVC)
0000              4   ; This file was generated Fri Mar 21 16:13:21 2025
0000              5   ;--------------------------------------------------------
                  5   $name Tone_gen
                  6   $optc51 --model-small
0000              8            R_DSEG    segment data
0000              9            R_CSEG    segment code
0000             10            R_BSEG    segment bit
0000             11            R_XSEG    segment xdata
0000             12            R_PSEG    segment xdata
0000             13            R_ISEG    segment idata
0000             14            R_OSEG    segment data overlay
0000             15            BIT_BANK  segment data overlay
0000             16            R_HOME    segment code
0000             17            R_GSINIT  segment code
0000             18            R_IXSEG   segment xdata
0000             19            R_CONST   segment code
0000             20            R_XINIT   segment code
0000             21            R_DINIT   segment code
0000             22   
0000             23   ;--------------------------------------------------------
0000             24   ; Public variables in this module
0000             25   ;--------------------------------------------------------
0000             26            public _main
0000             27            public _Timer2_ISR
0000             28            public __c51_external_startup
0000             29   ;--------------------------------------------------------
0000             30   ; Special Function Registers
0000             31   ;--------------------------------------------------------
0000             32   _ACC            DATA 0xe0
0000             33   _ADC0ASAH       DATA 0xb6
0000             34   _ADC0ASAL       DATA 0xb5
0000             35   _ADC0ASCF       DATA 0xa1
0000             36   _ADC0ASCT       DATA 0xc7
0000             37   _ADC0CF0        DATA 0xbc
0000             38   _ADC0CF1        DATA 0xb9
0000             39   _ADC0CF2        DATA 0xdf
0000             40   _ADC0CN0        DATA 0xe8
0000             41   _ADC0CN1        DATA 0xb2
0000             42   _ADC0CN2        DATA 0xb3
0000             43   _ADC0GTH        DATA 0xc4
0000             44   _ADC0GTL        DATA 0xc3
0000             45   _ADC0H          DATA 0xbe
0000             46   _ADC0L          DATA 0xbd
0000             47   _ADC0LTH        DATA 0xc6
0000             48   _ADC0LTL        DATA 0xc5
0000             49   _ADC0MX         DATA 0xbb
0000             50   _B              DATA 0xf0
0000             51   _CKCON0         DATA 0x8e
0000             52   _CKCON1         DATA 0xa6
0000             53   _CLEN0          DATA 0xc6
0000             54   _CLIE0          DATA 0xc7
0000             55   _CLIF0          DATA 0xe8
0000             56   _CLKSEL         DATA 0xa9
0000             57   _CLOUT0         DATA 0xd1
0000             58   _CLU0CF         DATA 0xb1
0000             59   _CLU0FN         DATA 0xaf
0000             60   _CLU0MX         DATA 0x84
0000             61   _CLU1CF         DATA 0xb3
0000             62   _CLU1FN         DATA 0xb2
0000             63   _CLU1MX         DATA 0x85
0000             64   _CLU2CF         DATA 0xb6
0000             65   _CLU2FN         DATA 0xb5
0000             66   _CLU2MX         DATA 0x91
0000             67   _CLU3CF         DATA 0xbf
0000             68   _CLU3FN         DATA 0xbe
0000             69   _CLU3MX         DATA 0xae
0000             70   _CMP0CN0        DATA 0x9b
0000             71   _CMP0CN1        DATA 0x99
0000             72   _CMP0MD         DATA 0x9d
0000             73   _CMP0MX         DATA 0x9f
0000             74   _CMP1CN0        DATA 0xbf
0000             75   _CMP1CN1        DATA 0xac
0000             76   _CMP1MD         DATA 0xab
0000             77   _CMP1MX         DATA 0xaa
0000             78   _CRC0CN0        DATA 0xce
0000             79   _CRC0CN1        DATA 0x86
0000             80   _CRC0CNT        DATA 0xd3
0000             81   _CRC0DAT        DATA 0xcb
0000             82   _CRC0FLIP       DATA 0xcf
0000             83   _CRC0IN         DATA 0xca
0000             84   _CRC0ST         DATA 0xd2
0000             85   _DAC0CF0        DATA 0x91
0000             86   _DAC0CF1        DATA 0x92
0000             87   _DAC0H          DATA 0x85
0000             88   _DAC0L          DATA 0x84
0000             89   _DAC1CF0        DATA 0x93
0000             90   _DAC1CF1        DATA 0x94
0000             91   _DAC1H          DATA 0x8a
0000             92   _DAC1L          DATA 0x89
0000             93   _DAC2CF0        DATA 0x95
0000             94   _DAC2CF1        DATA 0x96
0000             95   _DAC2H          DATA 0x8c
0000             96   _DAC2L          DATA 0x8b
0000             97   _DAC3CF0        DATA 0x9a
0000             98   _DAC3CF1        DATA 0x9c
0000             99   _DAC3H          DATA 0x8e
0000            100   _DAC3L          DATA 0x8d
0000            101   _DACGCF0        DATA 0x88
0000            102   _DACGCF1        DATA 0x98
0000            103   _DACGCF2        DATA 0xa2
0000            104   _DERIVID        DATA 0xad
0000            105   _DEVICEID       DATA 0xb5
0000            106   _DPH            DATA 0x83
0000            107   _DPL            DATA 0x82
0000            108   _EIE1           DATA 0xe6
0000            109   _EIE2           DATA 0xf3
0000            110   _EIP1           DATA 0xbb
0000            111   _EIP1H          DATA 0xee
0000            112   _EIP2           DATA 0xed
0000            113   _EIP2H          DATA 0xf6
0000            114   _EMI0CN         DATA 0xe7
0000            115   _FLKEY          DATA 0xb7
0000            116   _HFO0CAL        DATA 0xc7
0000            117   _HFO1CAL        DATA 0xd6
0000            118   _HFOCN          DATA 0xef
0000            119   _I2C0ADM        DATA 0xff
0000            120   _I2C0CN0        DATA 0xba
0000            121   _I2C0DIN        DATA 0xbc
0000            122   _I2C0DOUT       DATA 0xbb
0000            123   _I2C0FCN0       DATA 0xad
0000            124   _I2C0FCN1       DATA 0xab
0000            125   _I2C0FCT        DATA 0xf5
0000            126   _I2C0SLAD       DATA 0xbd
0000            127   _I2C0STAT       DATA 0xb9
0000            128   _IE             DATA 0xa8
0000            129   _IP             DATA 0xb8
0000            130   _IPH            DATA 0xf2
0000            131   _IT01CF         DATA 0xe4
0000            132   _LFO0CN         DATA 0xb1
0000            133   _P0             DATA 0x80
0000            134   _P0MASK         DATA 0xfe
0000            135   _P0MAT          DATA 0xfd
0000            136   _P0MDIN         DATA 0xf1
0000            137   _P0MDOUT        DATA 0xa4
0000            138   _P0SKIP         DATA 0xd4
0000            139   _P1             DATA 0x90
0000            140   _P1MASK         DATA 0xee
0000            141   _P1MAT          DATA 0xed
0000            142   _P1MDIN         DATA 0xf2
0000            143   _P1MDOUT        DATA 0xa5
0000            144   _P1SKIP         DATA 0xd5
0000            145   _P2             DATA 0xa0
0000            146   _P2MASK         DATA 0xfc
0000            147   _P2MAT          DATA 0xfb
0000            148   _P2MDIN         DATA 0xf3
0000            149   _P2MDOUT        DATA 0xa6
0000            150   _P2SKIP         DATA 0xcc
0000            151   _P3             DATA 0xb0
0000            152   _P3MDIN         DATA 0xf4
0000            153   _P3MDOUT        DATA 0x9c
0000            154   _PCA0CENT       DATA 0x9e
0000            155   _PCA0CLR        DATA 0x9c
0000            156   _PCA0CN0        DATA 0xd8
0000            157   _PCA0CPH0       DATA 0xfc
0000            158   _PCA0CPH1       DATA 0xea
0000            159   _PCA0CPH2       DATA 0xec
0000            160   _PCA0CPH3       DATA 0xf5
0000            161   _PCA0CPH4       DATA 0x85
0000            162   _PCA0CPH5       DATA 0xde
0000            163   _PCA0CPL0       DATA 0xfb
0000            164   _PCA0CPL1       DATA 0xe9
0000            165   _PCA0CPL2       DATA 0xeb
0000            166   _PCA0CPL3       DATA 0xf4
0000            167   _PCA0CPL4       DATA 0x84
0000            168   _PCA0CPL5       DATA 0xdd
0000            169   _PCA0CPM0       DATA 0xda
0000            170   _PCA0CPM1       DATA 0xdb
0000            171   _PCA0CPM2       DATA 0xdc
0000            172   _PCA0CPM3       DATA 0xae
0000            173   _PCA0CPM4       DATA 0xaf
0000            174   _PCA0CPM5       DATA 0xcc
0000            175   _PCA0H          DATA 0xfa
0000            176   _PCA0L          DATA 0xf9
0000            177   _PCA0MD         DATA 0xd9
0000            178   _PCA0POL        DATA 0x96
0000            179   _PCA0PWM        DATA 0xf7
0000            180   _PCON0          DATA 0x87
0000            181   _PCON1          DATA 0xcd
0000            182   _PFE0CN         DATA 0xc1
0000            183   _PRTDRV         DATA 0xf6
0000            184   _PSCTL          DATA 0x8f
0000            185   _PSTAT0         DATA 0xaa
0000            186   _PSW            DATA 0xd0
0000            187   _REF0CN         DATA 0xd1
0000            188   _REG0CN         DATA 0xc9
0000            189   _REVID          DATA 0xb6
0000            190   _RSTSRC         DATA 0xef
0000            191   _SBCON1         DATA 0x94
0000            192   _SBRLH1         DATA 0x96
0000            193   _SBRLL1         DATA 0x95
0000            194   _SBUF           DATA 0x99
0000            195   _SBUF0          DATA 0x99
0000            196   _SBUF1          DATA 0x92
0000            197   _SCON           DATA 0x98
0000            198   _SCON0          DATA 0x98
0000            199   _SCON1          DATA 0xc8
0000            200   _SFRPAGE        DATA 0xa7
0000            201   _SFRPGCN        DATA 0xbc
0000            202   _SFRSTACK       DATA 0xd7
0000            203   _SMB0ADM        DATA 0xd6
0000            204   _SMB0ADR        DATA 0xd7
0000            205   _SMB0CF         DATA 0xc1
0000            206   _SMB0CN0        DATA 0xc0
0000            207   _SMB0DAT        DATA 0xc2
0000            208   _SMB0FCN0       DATA 0xc3
0000            209   _SMB0FCN1       DATA 0xc4
0000            210   _SMB0FCT        DATA 0xef
0000            211   _SMB0RXLN       DATA 0xc5
0000            212   _SMB0TC         DATA 0xac
0000            213   _SMOD1          DATA 0x93
0000            214   _SP             DATA 0x81
0000            215   _SPI0CFG        DATA 0xa1
0000            216   _SPI0CKR        DATA 0xa2
0000            217   _SPI0CN0        DATA 0xf8
0000            218   _SPI0DAT        DATA 0xa3
0000            219   _SPI0FCN0       DATA 0x9a
0000            220   _SPI0FCN1       DATA 0x9b
0000            221   _SPI0FCT        DATA 0xf7
0000            222   _SPI0PCF        DATA 0xdf
0000            223   _TCON           DATA 0x88
0000            224   _TH0            DATA 0x8c
0000            225   _TH1            DATA 0x8d
0000            226   _TL0            DATA 0x8a
0000            227   _TL1            DATA 0x8b
0000            228   _TMOD           DATA 0x89
0000            229   _TMR2CN0        DATA 0xc8
0000            230   _TMR2CN1        DATA 0xfd
0000            231   _TMR2H          DATA 0xcf
0000            232   _TMR2L          DATA 0xce
0000            233   _TMR2RLH        DATA 0xcb
0000            234   _TMR2RLL        DATA 0xca
0000            235   _TMR3CN0        DATA 0x91
0000            236   _TMR3CN1        DATA 0xfe
0000            237   _TMR3H          DATA 0x95
0000            238   _TMR3L          DATA 0x94
0000            239   _TMR3RLH        DATA 0x93
0000            240   _TMR3RLL        DATA 0x92
0000            241   _TMR4CN0        DATA 0x98
0000            242   _TMR4CN1        DATA 0xff
0000            243   _TMR4H          DATA 0xa5
0000            244   _TMR4L          DATA 0xa4
0000            245   _TMR4RLH        DATA 0xa3
0000            246   _TMR4RLL        DATA 0xa2
0000            247   _TMR5CN0        DATA 0xc0
0000            248   _TMR5CN1        DATA 0xf1
0000            249   _TMR5H          DATA 0xd5
0000            250   _TMR5L          DATA 0xd4
0000            251   _TMR5RLH        DATA 0xd3
0000            252   _TMR5RLL        DATA 0xd2
0000            253   _UART0PCF       DATA 0xd9
0000            254   _UART1FCN0      DATA 0x9d
0000            255   _UART1FCN1      DATA 0xd8
0000            256   _UART1FCT       DATA 0xfa
0000            257   _UART1LIN       DATA 0x9e
0000            258   _UART1PCF       DATA 0xda
0000            259   _VDM0CN         DATA 0xff
0000            260   _WDTCN          DATA 0x97
0000            261   _XBR0           DATA 0xe1
0000            262   _XBR1           DATA 0xe2
0000            263   _XBR2           DATA 0xe3
0000            264   _XOSC0CN        DATA 0x86
0000            265   _DPTR           DATA 0x8382
0000            266   _TMR2RL         DATA 0xcbca
0000            267   _TMR3RL         DATA 0x9392
0000            268   _TMR4RL         DATA 0xa3a2
0000            269   _TMR5RL         DATA 0xd3d2
0000            270   _TMR0           DATA 0x8c8a
0000            271   _TMR1           DATA 0x8d8b
0000            272   _TMR2           DATA 0xcfce
0000            273   _TMR3           DATA 0x9594
0000            274   _TMR4           DATA 0xa5a4
0000            275   _TMR5           DATA 0xd5d4
0000            276   _SBRL1          DATA 0x9695
0000            277   _PCA0           DATA 0xfaf9
0000            278   _PCA0CP0        DATA 0xfcfb
0000            279   _PCA0CP1        DATA 0xeae9
0000            280   _PCA0CP2        DATA 0xeceb
0000            281   _PCA0CP3        DATA 0xf5f4
0000            282   _PCA0CP4        DATA 0x8584
0000            283   _PCA0CP5        DATA 0xdedd
0000            284   _ADC0ASA        DATA 0xb6b5
0000            285   _ADC0GT         DATA 0xc4c3
0000            286   _ADC0           DATA 0xbebd
0000            287   _ADC0LT         DATA 0xc6c5
0000            288   _DAC0           DATA 0x8584
0000            289   _DAC1           DATA 0x8a89
0000            290   _DAC2           DATA 0x8c8b
0000            291   _DAC3           DATA 0x8e8d
0000            292   ;--------------------------------------------------------
0000            293   ; special function bits
0000            294   ;--------------------------------------------------------
0000            295   _ACC_0          BIT 0xe0
0000            296   _ACC_1          BIT 0xe1
0000            297   _ACC_2          BIT 0xe2
0000            298   _ACC_3          BIT 0xe3
0000            299   _ACC_4          BIT 0xe4
0000            300   _ACC_5          BIT 0xe5
0000            301   _ACC_6          BIT 0xe6
0000            302   _ACC_7          BIT 0xe7
0000            303   _TEMPE          BIT 0xe8
0000            304   _ADGN0          BIT 0xe9
0000            305   _ADGN1          BIT 0xea
0000            306   _ADWINT         BIT 0xeb
0000            307   _ADBUSY         BIT 0xec
0000            308   _ADINT          BIT 0xed
0000            309   _IPOEN          BIT 0xee
0000            310   _ADEN           BIT 0xef
0000            311   _B_0            BIT 0xf0
0000            312   _B_1            BIT 0xf1
0000            313   _B_2            BIT 0xf2
0000            314   _B_3            BIT 0xf3
0000            315   _B_4            BIT 0xf4
0000            316   _B_5            BIT 0xf5
0000            317   _B_6            BIT 0xf6
0000            318   _B_7            BIT 0xf7
0000            319   _C0FIF          BIT 0xe8
0000            320   _C0RIF          BIT 0xe9
0000            321   _C1FIF          BIT 0xea
0000            322   _C1RIF          BIT 0xeb
0000            323   _C2FIF          BIT 0xec
0000            324   _C2RIF          BIT 0xed
0000            325   _C3FIF          BIT 0xee
0000            326   _C3RIF          BIT 0xef
0000            327   _D1SRC0         BIT 0x88
0000            328   _D1SRC1         BIT 0x89
0000            329   _D1AMEN         BIT 0x8a
0000            330   _D01REFSL       BIT 0x8b
0000            331   _D3SRC0         BIT 0x8c
0000            332   _D3SRC1         BIT 0x8d
0000            333   _D3AMEN         BIT 0x8e
0000            334   _D23REFSL       BIT 0x8f
0000            335   _D0UDIS         BIT 0x98
0000            336   _D1UDIS         BIT 0x99
0000            337   _D2UDIS         BIT 0x9a
0000            338   _D3UDIS         BIT 0x9b
0000            339   _EX0            BIT 0xa8
0000            340   _ET0            BIT 0xa9
0000            341   _EX1            BIT 0xaa
0000            342   _ET1            BIT 0xab
0000            343   _ES0            BIT 0xac
0000            344   _ET2            BIT 0xad
0000            345   _ESPI0          BIT 0xae
0000            346   _EA             BIT 0xaf
0000            347   _PX0            BIT 0xb8
0000            348   _PT0            BIT 0xb9
0000            349   _PX1            BIT 0xba
0000            350   _PT1            BIT 0xbb
0000            351   _PS0            BIT 0xbc
0000            352   _PT2            BIT 0xbd
0000            353   _PSPI0          BIT 0xbe
0000            354   _P0_0           BIT 0x80
0000            355   _P0_1           BIT 0x81
0000            356   _P0_2           BIT 0x82
0000            357   _P0_3           BIT 0x83
0000            358   _P0_4           BIT 0x84
0000            359   _P0_5           BIT 0x85
0000            360   _P0_6           BIT 0x86
0000            361   _P0_7           BIT 0x87
0000            362   _P1_0           BIT 0x90
0000            363   _P1_1           BIT 0x91
0000            364   _P1_2           BIT 0x92
0000            365   _P1_3           BIT 0x93
0000            366   _P1_4           BIT 0x94
0000            367   _P1_5           BIT 0x95
0000            368   _P1_6           BIT 0x96
0000            369   _P1_7           BIT 0x97
0000            370   _P2_0           BIT 0xa0
0000            371   _P2_1           BIT 0xa1
0000            372   _P2_2           BIT 0xa2
0000            373   _P2_3           BIT 0xa3
0000            374   _P2_4           BIT 0xa4
0000            375   _P2_5           BIT 0xa5
0000            376   _P2_6           BIT 0xa6
0000            377   _P3_0           BIT 0xb0
0000            378   _P3_1           BIT 0xb1
0000            379   _P3_2           BIT 0xb2
0000            380   _P3_3           BIT 0xb3
0000            381   _P3_4           BIT 0xb4
0000            382   _P3_7           BIT 0xb7
0000            383   _CCF0           BIT 0xd8
0000            384   _CCF1           BIT 0xd9
0000            385   _CCF2           BIT 0xda
0000            386   _CCF3           BIT 0xdb
0000            387   _CCF4           BIT 0xdc
0000            388   _CCF5           BIT 0xdd
0000            389   _CR             BIT 0xde
0000            390   _CF             BIT 0xdf
0000            391   _PARITY         BIT 0xd0
0000            392   _F1             BIT 0xd1
0000            393   _OV             BIT 0xd2
0000            394   _RS0            BIT 0xd3
0000            395   _RS1            BIT 0xd4
0000            396   _F0             BIT 0xd5
0000            397   _AC             BIT 0xd6
0000            398   _CY             BIT 0xd7
0000            399   _RI             BIT 0x98
0000            400   _TI             BIT 0x99
0000            401   _RB8            BIT 0x9a
0000            402   _TB8            BIT 0x9b
0000            403   _REN            BIT 0x9c
0000            404   _CE             BIT 0x9d
0000            405   _SMODE          BIT 0x9e
0000            406   _RI1            BIT 0xc8
0000            407   _TI1            BIT 0xc9
0000            408   _RBX1           BIT 0xca
0000            409   _TBX1           BIT 0xcb
0000            410   _REN1           BIT 0xcc
0000            411   _PERR1          BIT 0xcd
0000            412   _OVR1           BIT 0xce
0000            413   _SI             BIT 0xc0
0000            414   _ACK            BIT 0xc1
0000            415   _ARBLOST        BIT 0xc2
0000            416   _ACKRQ          BIT 0xc3
0000            417   _STO            BIT 0xc4
0000            418   _STA            BIT 0xc5
0000            419   _TXMODE         BIT 0xc6
0000            420   _MASTER         BIT 0xc7
0000            421   _SPIEN          BIT 0xf8
0000            422   _TXNF           BIT 0xf9
0000            423   _NSSMD0         BIT 0xfa
0000            424   _NSSMD1         BIT 0xfb
0000            425   _RXOVRN         BIT 0xfc
0000            426   _MODF           BIT 0xfd
0000            427   _WCOL           BIT 0xfe
0000            428   _SPIF           BIT 0xff
0000            429   _IT0            BIT 0x88
0000            430   _IE0            BIT 0x89
0000            431   _IT1            BIT 0x8a
0000            432   _IE1            BIT 0x8b
0000            433   _TR0            BIT 0x8c
0000            434   _TF0            BIT 0x8d
0000            435   _TR1            BIT 0x8e
0000            436   _TF1            BIT 0x8f
0000            437   _T2XCLK0        BIT 0xc8
0000            438   _T2XCLK1        BIT 0xc9
0000            439   _TR2            BIT 0xca
0000            440   _T2SPLIT        BIT 0xcb
0000            441   _TF2CEN         BIT 0xcc
0000            442   _TF2LEN         BIT 0xcd
0000            443   _TF2L           BIT 0xce
0000            444   _TF2H           BIT 0xcf
0000            445   _T4XCLK0        BIT 0x98
0000            446   _T4XCLK1        BIT 0x99
0000            447   _TR4            BIT 0x9a
0000            448   _T4SPLIT        BIT 0x9b
0000            449   _TF4CEN         BIT 0x9c
0000            450   _TF4LEN         BIT 0x9d
0000            451   _TF4L           BIT 0x9e
0000            452   _TF4H           BIT 0x9f
0000            453   _T5XCLK0        BIT 0xc0
0000            454   _T5XCLK1        BIT 0xc1
0000            455   _TR5            BIT 0xc2
0000            456   _T5SPLIT        BIT 0xc3
0000            457   _TF5CEN         BIT 0xc4
0000            458   _TF5LEN         BIT 0xc5
0000            459   _TF5L           BIT 0xc6
0000            460   _TF5H           BIT 0xc7
0000            461   _RIE            BIT 0xd8
0000            462   _RXTO0          BIT 0xd9
0000            463   _RXTO1          BIT 0xda
0000            464   _RFRQ           BIT 0xdb
0000            465   _TIE            BIT 0xdc
0000            466   _TXHOLD         BIT 0xdd
0000            467   _TXNF1          BIT 0xde
0000            468   _TFRQ           BIT 0xdf
0000            469   ;--------------------------------------------------------
0000            470   ; overlayable register banks
0000            471   ;--------------------------------------------------------
0000            472            rbank0 segment data overlay
0000            473   ;--------------------------------------------------------
0000            474   ; internal ram data
0000            475   ;--------------------------------------------------------
0000            476            rseg R_DSEG
0000            477   _main_f_1_47:
0000            478            ds 4
0004            479   ;--------------------------------------------------------
0004            480   ; overlayable items in internal ram 
0004            481   ;--------------------------------------------------------
0000            482            rseg R_OSEG
0000            483   ;--------------------------------------------------------
0000            484   ; indirectly addressable internal ram data
0000            485   ;--------------------------------------------------------
0000            486            rseg R_ISEG
0000            487   ;--------------------------------------------------------
0000            488   ; absolute internal ram data
0000            489   ;--------------------------------------------------------
0000            490            DSEG
0000            491   ;--------------------------------------------------------
0000            492   ; bit data
0000            493   ;--------------------------------------------------------
0000            494            rseg R_BSEG
0000            495   ;--------------------------------------------------------
0000            496   ; paged external ram data
0000            497   ;--------------------------------------------------------
0000            498            rseg R_PSEG
0000            499   ;--------------------------------------------------------
0000            500   ; external ram data
0000            501   ;--------------------------------------------------------
0000            502            rseg R_XSEG
0000            503   ;--------------------------------------------------------
0000            504   ; absolute external ram data
0000            505   ;--------------------------------------------------------
0000            506            XSEG
0000            507   ;--------------------------------------------------------
0000            508   ; external initialized ram data
0000            509   ;--------------------------------------------------------
0000            510            rseg R_IXSEG
0000            511            rseg R_HOME
0000            512            rseg R_GSINIT
0000            513            rseg R_CSEG
0000            514   ;--------------------------------------------------------
0000            515   ; Reset entry point and interrupt vectors
0000            516   ;--------------------------------------------------------
0000            517            CSEG at 0x0000
0000 020000     518            ljmp    _crt0
002B            519            CSEG at 0x002b
002B 020000     520            ljmp    _Timer2_ISR
002E            521   ;--------------------------------------------------------
002E            522   ; global & static initialisations
002E            523   ;--------------------------------------------------------
0000            524            rseg R_HOME
0000            525            rseg R_GSINIT
0000            526            rseg R_GSINIT
0000            527   ;--------------------------------------------------------
0000            528   ; data variables initialization
0000            529   ;--------------------------------------------------------
0000            530            rseg R_DINIT
0000            531            ; The linker places a 'ret' at the end of segment R_DINIT.
0000            532   ;--------------------------------------------------------
0000            533   ; code
0000            534   ;--------------------------------------------------------
0000            535            rseg R_CSEG
0000            536   ;------------------------------------------------------------
0000            537   ;Allocation info for local variables in function '_c51_external_startup'
0000            538   ;------------------------------------------------------------
0000            539   ;------------------------------------------------------------
0000            540   ;        C:\Users\leigh\Elec291Project2\EFM8_examples\Tone\Tone_gen.c:11: char _c51_external_startup (void)
0000            541   ;        -----------------------------------------
0000            542   ;         function _c51_external_startup
0000            543   ;        -----------------------------------------
0000            544   __c51_external_startup:
0000            545            using   0
0000            546   ;        C:\Users\leigh\Elec291Project2\EFM8_examples\Tone\Tone_gen.c:14: SFRPAGE = 0x00;
0000 75A700     547            mov     _SFRPAGE,#0x00
0003            548   ;        C:\Users\leigh\Elec291Project2\EFM8_examples\Tone\Tone_gen.c:15: WDTCN = 0xDE; //First key
0003 7597DE     549            mov     _WDTCN,#0xDE
0006            550   ;        C:\Users\leigh\Elec291Project2\EFM8_examples\Tone\Tone_gen.c:16: WDTCN = 0xAD; //Second key
0006 7597AD     551            mov     _WDTCN,#0xAD
0009            552   ;        C:\Users\leigh\Elec291Project2\EFM8_examples\Tone\Tone_gen.c:18: VDM0CN |= 0x80;
0009 43FF80     553            orl     _VDM0CN,#0x80
000C            554   ;        C:\Users\leigh\Elec291Project2\EFM8_examples\Tone\Tone_gen.c:19: RSTSRC = 0x02;
000C 75EF02     555            mov     _RSTSRC,#0x02
000F            556   ;        C:\Users\leigh\Elec291Project2\EFM8_examples\Tone\Tone_gen.c:26: SFRPAGE = 0x10;
000F 75A710     557            mov     _SFRPAGE,#0x10
0012            558   ;        C:\Users\leigh\Elec291Project2\EFM8_examples\Tone\Tone_gen.c:27: PFE0CN  = 0x20; // SYSCLK < 75 MHz.
0012 75C120     559            mov     _PFE0CN,#0x20
0015            560   ;        C:\Users\leigh\Elec291Project2\EFM8_examples\Tone\Tone_gen.c:28: SFRPAGE = 0x00;
0015 75A700     561            mov     _SFRPAGE,#0x00
0018            562   ;        C:\Users\leigh\Elec291Project2\EFM8_examples\Tone\Tone_gen.c:49: CLKSEL = 0x00;
0018 75A900     563            mov     _CLKSEL,#0x00
001B            564   ;        C:\Users\leigh\Elec291Project2\EFM8_examples\Tone\Tone_gen.c:50: CLKSEL = 0x00;
001B 75A900     565            mov     _CLKSEL,#0x00
001E            566   ;        C:\Users\leigh\Elec291Project2\EFM8_examples\Tone\Tone_gen.c:51: while ((CLKSEL & 0x80) == 0);
001E            567   L002001?:
001E E5A9       568            mov     a,_CLKSEL
0020 30E7E8     569            jnb     acc.7,L002001?
0023            570   ;        C:\Users\leigh\Elec291Project2\EFM8_examples\Tone\Tone_gen.c:52: CLKSEL = 0x03;
0023 75A903     571            mov     _CLKSEL,#0x03
0026            572   ;        C:\Users\leigh\Elec291Project2\EFM8_examples\Tone\Tone_gen.c:53: CLKSEL = 0x03;
0026 75A903     573            mov     _CLKSEL,#0x03
0029            574   ;        C:\Users\leigh\Elec291Project2\EFM8_examples\Tone\Tone_gen.c:54: while ((CLKSEL & 0x80) == 0);
0029            575   L002004?:
0029 E5A9       576            mov     a,_CLKSEL
002B 30E768     577            jnb     acc.7,L002004?
002E            578   ;        C:\Users\leigh\Elec291Project2\EFM8_examples\Tone\Tone_gen.c:60: P2MDOUT|=0b_0000_0011;
002E 43A603     579            orl     _P2MDOUT,#0x03
0031            580   ;        C:\Users\leigh\Elec291Project2\EFM8_examples\Tone\Tone_gen.c:61: P0MDOUT |= 0x10; // Enable UART0 TX as push-pull output
0031 43A410     581            orl     _P0MDOUT,#0x10
0034            582   ;        C:\Users\leigh\Elec291Project2\EFM8_examples\Tone\Tone_gen.c:62: XBR0     = 0x01; // Enable UART0 on P0.4(TX) and P0.5(RX)                     
0034 75E101     583            mov     _XBR0,#0x01
0037            584   ;        C:\Users\leigh\Elec291Project2\EFM8_examples\Tone\Tone_gen.c:63: XBR1     = 0X10; // Enable T0 on P0.0
0037 75E210     585            mov     _XBR1,#0x10
003A            586   ;        C:\Users\leigh\Elec291Project2\EFM8_examples\Tone\Tone_gen.c:64: XBR2     = 0x40; // Enable crossbar and weak pull-ups
003A 75E340     587            mov     _XBR2,#0x40
003D            588   ;        C:\Users\leigh\Elec291Project2\EFM8_examples\Tone\Tone_gen.c:70: SCON0 = 0x10;
003D 759810     589            mov     _SCON0,#0x10
0040            590   ;        C:\Users\leigh\Elec291Project2\EFM8_examples\Tone\Tone_gen.c:71: CKCON0 |= 0b_0000_0000 ; // Timer 1 uses the system clock divided by 12.
0040 858E8E     591            mov     _CKCON0,_CKCON0
0043            592   ;        C:\Users\leigh\Elec291Project2\EFM8_examples\Tone\Tone_gen.c:72: TH1 = 0x100-((SYSCLK/BAUDRATE)/(2L*12L));
0043 758DE6     593            mov     _TH1,#0xE6
0046            594   ;        C:\Users\leigh\Elec291Project2\EFM8_examples\Tone\Tone_gen.c:73: TL1 = TH1;      // Init Timer1
0046 858D8B     595            mov     _TL1,_TH1
0049            596   ;        C:\Users\leigh\Elec291Project2\EFM8_examples\Tone\Tone_gen.c:74: TMOD &= ~0xf0;  // TMOD: timer 1 in 8-bit auto-reload
0049 53890F     597            anl     _TMOD,#0x0F
004C            598   ;        C:\Users\leigh\Elec291Project2\EFM8_examples\Tone\Tone_gen.c:75: TMOD |=  0x20;                       
004C 438920     599            orl     _TMOD,#0x20
004F            600   ;        C:\Users\leigh\Elec291Project2\EFM8_examples\Tone\Tone_gen.c:76: TR1 = 1; // START Timer1
004F D28E       601            setb    _TR1
0051            602   ;        C:\Users\leigh\Elec291Project2\EFM8_examples\Tone\Tone_gen.c:77: TI = 1;  // Indicate TX0 ready
0051 D299       603            setb    _TI
0053            604   ;        C:\Users\leigh\Elec291Project2\EFM8_examples\Tone\Tone_gen.c:80: TMR2CN0=0x00;   // Stop Timer2; Clear TF2;
0053 75C800     605            mov     _TMR2CN0,#0x00
0056            606   ;        C:\Users\leigh\Elec291Project2\EFM8_examples\Tone\Tone_gen.c:81: CKCON0|=0b_0001_0000;
0056 438E10     607            orl     _CKCON0,#0x10
0059            608   ;        C:\Users\leigh\Elec291Project2\EFM8_examples\Tone\Tone_gen.c:82: TMR2RL=(-(SYSCLK/(2*DEFAULT_F))); // Initialize reload value
0059 75CAEE     609            mov     _TMR2RL,#0xEE
005C 75CBF6     610            mov     (_TMR2RL >> 8),#0xF6
005F            611   ;        C:\Users\leigh\Elec291Project2\EFM8_examples\Tone\Tone_gen.c:83: TMR2=0xffff;   // Set to reload immediately
005F 75CEFF     612            mov     _TMR2,#0xFF
0062 75CFFF     613            mov     (_TMR2 >> 8),#0xFF
0065            614   ;        C:\Users\leigh\Elec291Project2\EFM8_examples\Tone\Tone_gen.c:84: ET2=1;         // Enable Timer2 interrupts
0065 D2AD       615            setb    _ET2
0067            616   ;        C:\Users\leigh\Elec291Project2\EFM8_examples\Tone\Tone_gen.c:85: TR2=1;         // Start Timer2
0067 D2CA       617            setb    _TR2
0069            618   ;        C:\Users\leigh\Elec291Project2\EFM8_examples\Tone\Tone_gen.c:86: EA=1; // Global interrupt enable
0069 D2AF       619            setb    _EA
006B            620   ;        C:\Users\leigh\Elec291Project2\EFM8_examples\Tone\Tone_gen.c:88: return 0;
006B 758200     621            mov     dpl,#0x00
006E 22         622            ret
006F            623   ;------------------------------------------------------------
006F            624   ;Allocation info for local variables in function 'Timer2_ISR'
006F            625   ;------------------------------------------------------------
006F            626   ;------------------------------------------------------------
006F            627   ;        C:\Users\leigh\Elec291Project2\EFM8_examples\Tone\Tone_gen.c:91: void Timer2_ISR (void) interrupt INTERRUPT_TIMER2
006F            628   ;        -----------------------------------------
006F            629   ;         function Timer2_ISR
006F            630   ;        -----------------------------------------
006F            631   _Timer2_ISR:
006F C0D0       632            push    psw
0071 75D000     633            mov     psw,#0x00
0074            634   ;        C:\Users\leigh\Elec291Project2\EFM8_examples\Tone\Tone_gen.c:93: TF2H = 0; // Clear Timer2 interrupt flag
0074 C2CF       635            clr     _TF2H
0076            636   ;        C:\Users\leigh\Elec291Project2\EFM8_examples\Tone\Tone_gen.c:94: OUT0=!OUT0;
0076 B2A0       637            cpl     _P2_0
0078            638   ;        C:\Users\leigh\Elec291Project2\EFM8_examples\Tone\Tone_gen.c:95: OUT1=!OUT0;
0078 A2A0       639            mov     c,_P2_0
007A B3         640            cpl     c
007B 92A1       641            mov     _P2_1,c
007D D0D0       642            pop     psw
007F 32         643            reti
0080            644   ;        eliminated unneeded push/pop dpl
0080            645   ;        eliminated unneeded push/pop dph
0080            646   ;        eliminated unneeded push/pop b
0080            647   ;        eliminated unneeded push/pop acc
0080            648   ;------------------------------------------------------------
0080            649   ;Allocation info for local variables in function 'main'
0080            650   ;------------------------------------------------------------
0080            651   ;x                         Allocated to registers r2 r3 r4 r5 
0080            652   ;f                         Allocated with name '_main_f_1_47'
0080            653   ;------------------------------------------------------------
0080            654   ;        C:\Users\leigh\Elec291Project2\EFM8_examples\Tone\Tone_gen.c:98: void main (void)
0080            655   ;        -----------------------------------------
0080            656   ;         function main
0080            657   ;        -----------------------------------------
0080            658   _main:
0080            659   ;        C:\Users\leigh\Elec291Project2\EFM8_examples\Tone\Tone_gen.c:102: printf("\x1b[2J"); // Clear screen using ANSI escape sequence.
0080 7428       660            mov     a,#__str_0
0082 C0E0       661            push    acc
0084 74B0       662            mov     a,#(__str_0 >> 8)
0086 C0E0       663            push    acc
0088 7480       664            mov     a,#0x80
008A C0E0       665            push    acc
008C 120000     666            lcall   _printf
008F 1581       667            dec     sp
0091 1581       668            dec     sp
0093 1581       669            dec     sp
0095            670   ;        C:\Users\leigh\Elec291Project2\EFM8_examples\Tone\Tone_gen.c:104: "Check pins P2.0 and P2.1 with the oscilloscope.\r\n");
0095 74E8       671            mov     a,#__str_1
0097 C0E0       672            push    acc
0099 74B0       673            mov     a,#(__str_1 >> 8)
009B C0E0       674            push    acc
009D 7480       675            mov     a,#0x80
009F C0E0       676            push    acc
00A1 120000     677            lcall   _printf
00A4 1581       678            dec     sp
00A6 1581       679            dec     sp
00A8 1581       680            dec     sp
00AA            681   ;        C:\Users\leigh\Elec291Project2\EFM8_examples\Tone\Tone_gen.c:106: while(1)
00AA            682   L004005?:
00AA            683   ;        C:\Users\leigh\Elec291Project2\EFM8_examples\Tone\Tone_gen.c:108: printf("New frequency=");
00AA 7468       684            mov     a,#__str_2
00AC C0E0       685            push    acc
00AE 74B1       686            mov     a,#(__str_2 >> 8)
00B0 C0E0       687            push    acc
00B2 7480       688            mov     a,#0x80
00B4 C0E0       689            push    acc
00B6 120000     690            lcall   _printf
00B9 1581       691            dec     sp
00BB 1581       692            dec     sp
00BD 1581       693            dec     sp
00BF            694   ;        C:\Users\leigh\Elec291Project2\EFM8_examples\Tone\Tone_gen.c:109: scanf("%lu", &f);
00BF 7468       695            mov     a,#_main_f_1_47
00C1 C0E0       696            push    acc
00C3 74AE       697            mov     a,#(_main_f_1_47 >> 8)
00C5 C0E0       698            push    acc
00C7 7440       699            mov     a,#0x40
00C9 C0E0       700            push    acc
00CB 74A8       701            mov     a,#__str_3
00CD C0E0       702            push    acc
00CF 74B1       703            mov     a,#(__str_3 >> 8)
00D1 C0E0       704            push    acc
00D3 7480       705            mov     a,#0x80
00D5 C0E0       706            push    acc
00D7 120000     707            lcall   _scanf
00DA E581       708            mov     a,sp
00DC 24FA       709            add     a,#0xfa
00DE F581       710            mov     sp,a
00E0            711   ;        C:\Users\leigh\Elec291Project2\EFM8_examples\Tone\Tone_gen.c:110: x=(SYSCLK/(2L*f));
00E0 E568       712            mov     a,_main_f_1_47
00E2 2568       713            add     a,_main_f_1_47
00E4 F500       714            mov     __divulong_PARM_2,a
00E6 E569       715            mov     a,(_main_f_1_47 + 1)
00E8 33         716            rlc     a
00E9 F501       717            mov     (__divulong_PARM_2 + 1),a
00EB E56A       718            mov     a,(_main_f_1_47 + 2)
00ED 33         719            rlc     a
00EE F502       720            mov     (__divulong_PARM_2 + 2),a
00F0 E56B       721            mov     a,(_main_f_1_47 + 3)
00F2 33         722            rlc     a
00F3 F503       723            mov     (__divulong_PARM_2 + 3),a
00F5 90A200     724            mov     dptr,#0xA200
00F8 75F04A     725            mov     b,#0x4A
00FB 7404       726            mov     a,#0x04
00FD 120000     727            lcall   __divulong
0100 AA82       728            mov     r2,dpl
0102 AB83       729            mov     r3,dph
0104 ACF0       730            mov     r4,b
0106 FD         731            mov     r5,a
0107            732   ;        C:\Users\leigh\Elec291Project2\EFM8_examples\Tone\Tone_gen.c:111: if(x>0xffff)
0107 C3         733            clr     c
0108 74FF       734            mov     a,#0xFF
010A 9A         735            subb    a,r2
010B 74FF       736            mov     a,#0xFF
010D 9B         737            subb    a,r3
010E E4         738            clr     a
010F 9C         739            subb    a,r4
0110 E4         740            clr     a
0111 9D         741            subb    a,r5
0112 5000       742            jnc     L004002?
0114            743   ;        C:\Users\leigh\Elec291Project2\EFM8_examples\Tone\Tone_gen.c:113: printf("Sorry %lu Hz is out of range.\n", f);
0114 C068       744            push    _main_f_1_47
0116 C069       745            push    (_main_f_1_47 + 1)
0118 C06A       746            push    (_main_f_1_47 + 2)
011A C06B       747            push    (_main_f_1_47 + 3)
011C 7478       748            mov     a,#__str_4
011E C0E0       749            push    acc
0120 74B3       750            mov     a,#(__str_4 >> 8)
0122 C0E0       751            push    acc
0124 7480       752            mov     a,#0x80
0126 C0E0       753            push    acc
0128 120000     754            lcall   _printf
012B E581       755            mov     a,sp
012D 24F9       756            add     a,#0xf9
012F F581       757            mov     sp,a
0131 020000     758            ljmp    L004005?
0134            759   L004002?:
0134            760   ;        C:\Users\leigh\Elec291Project2\EFM8_examples\Tone\Tone_gen.c:117: TR2=0; // Stop timer 2
0134 C2CA       761            clr     _TR2
0136            762   ;        C:\Users\leigh\Elec291Project2\EFM8_examples\Tone\Tone_gen.c:118: TMR2RL=0x10000L-x; // Change reload value for new frequency
0136 E4         763            clr     a
0137 C3         764            clr     c
0138 9A         765            subb    a,r2
0139 FA         766            mov     r2,a
013A E4         767            clr     a
013B 9B         768            subb    a,r3
013C FB         769            mov     r3,a
013D 7401       770            mov     a,#0x01
013F 9C         771            subb    a,r4
0140 E4         772            clr     a
0141 9D         773            subb    a,r5
0142 8ACA       774            mov     _TMR2RL,r2
0144 8BCB       775            mov     (_TMR2RL >> 8),r3
0146            776   ;        C:\Users\leigh\Elec291Project2\EFM8_examples\Tone\Tone_gen.c:119: TR2=1; // Start timer 2
0146 D2CA       777            setb    _TR2
0148            778   ;        C:\Users\leigh\Elec291Project2\EFM8_examples\Tone\Tone_gen.c:120: f=SYSCLK/(2L*(0x10000L-TMR2RL));
0148 AACA       779            mov     r2,_TMR2RL
014A ABCB       780            mov     r3,(_TMR2RL >> 8)
014C 7C00       781            mov     r4,#0x00
014E E4         782            clr     a
014F FD         783            mov     r5,a
0150 C3         784            clr     c
0151 9A         785            subb    a,r2
0152 FA         786            mov     r2,a
0153 E4         787            clr     a
0154 9B         788            subb    a,r3
0155 FB         789            mov     r3,a
0156 7401       790            mov     a,#0x01
0158 9C         791            subb    a,r4
0159 FC         792            mov     r4,a
015A E4         793            clr     a
015B 9D         794            subb    a,r5
015C FD         795            mov     r5,a
015D EA         796            mov     a,r2
015E 2A         797            add     a,r2
015F F500       798            mov     __divslong_PARM_2,a
0161 EB         799            mov     a,r3
0162 33         800            rlc     a
0163 F501       801            mov     (__divslong_PARM_2 + 1),a
0165 EC         802            mov     a,r4
0166 33         803            rlc     a
0167 F502       804            mov     (__divslong_PARM_2 + 2),a
0169 ED         805            mov     a,r5
016A 33         806            rlc     a
016B F503       807            mov     (__divslong_PARM_2 + 3),a
016D 90A200     808            mov     dptr,#0xA200
0170 75F04A     809            mov     b,#0x4A
0173 7404       810            mov     a,#0x04
0175 120000     811            lcall   __divslong
0178 AA82       812            mov     r2,dpl
017A AB83       813            mov     r3,dph
017C ACF0       814            mov     r4,b
017E FD         815            mov     r5,a
017F 8A68       816            mov     _main_f_1_47,r2
0181 8B69       817            mov     (_main_f_1_47 + 1),r3
0183 8C6A       818            mov     (_main_f_1_47 + 2),r4
0185 8D6B       819            mov     (_main_f_1_47 + 3),r5
0187            820   ;        C:\Users\leigh\Elec291Project2\EFM8_examples\Tone\Tone_gen.c:121: printf("\nActual frequency: %lu\n", f);
0187 C002       821            push    ar2
0189 C003       822            push    ar3
018B C004       823            push    ar4
018D C005       824            push    ar5
018F 7448       825            mov     a,#__str_5
0191 C0E0       826            push    acc
0193 74B4       827            mov     a,#(__str_5 >> 8)
0195 C0E0       828            push    acc
0197 7480       829            mov     a,#0x80
0199 C0E0       830            push    acc
019B 120000     831            lcall   _printf
019E E581       832            mov     a,sp
01A0 24F9       833            add     a,#0xf9
01A2 F581       834            mov     sp,a
01A4 020000     835            ljmp    L004005?
01A7            836            rseg R_CSEG
01A7            837   
0000            838            rseg R_XINIT
0000            839   
0000            840            rseg R_CONST
0000            841   __str_0:
0000 1B         842            db 0x1B
0001 5B324A     843            db '[2J'
0004 00         844            db 0x00
0005            845   __str_1:
0005 56617269   846            db 'Variable frequency generator for the EFM8LB1.'
     61626C65
     20667265
     7175656E
     63792067
     656E6572
     61746F72
     20666F72
     20746865
     2045464D
     384C4231
     2E
0032 0D         847            db 0x0D
0033 0A         848            db 0x0A
0034 43686563   849            db 'Check pins P2'
     6B207069
     6E732050
     32
0041 2E302061   850            db '.0 and P2.1 with the oscilloscope.'
     6E642050
     322E3120
     77697468
     20746865
     206F7363
     696C6C6F
     73636F70
     652E
0063 0D         851            db 0x0D
0064 0A         852            db 0x0A
0065 00         853            db 0x00
0066            854   __str_2:
0066 4E657720   855            db 'New frequency='
     66726571
     75656E63
     793D
0074 00         856            db 0x00
0075            857   __str_3:
0075 256C75     858            db '%lu'
0078 00         859            db 0x00
0079            860   __str_4:
0079 536F7272   861            db 'Sorry %lu Hz is out of range.'
     7920256C
     7520487A
     20697320
     6F757420
     6F662072
     616E6765
     2E
0096 0A         862            db 0x0A
0097 00         863            db 0x00
0098            864   __str_5:
0098 0A         865            db 0x0A
0099 41637475   866            db 'Actual frequency: %lu'
     616C2066
     72657175
     656E6379
     3A20256C
     75
00AE 0A         867            db 0x0A
00AF 00         868            db 0x00
00B0            869   
002E            870            CSEG
002E            871   
002E            872   end
